<?xml version="1.0" encoding="UTF-8"?>
<testng-results ignored="0" total="1" passed="1" failed="0" skipped="0">
  <reporter-output>
  </reporter-output>
  <suite started-at="2022-03-03T11:37:24 IST" name="InetBankingV1" finished-at="2022-03-03T11:38:00 IST" duration-ms="35854">
    <groups>
    </groups>
    <test started-at="2022-03-03T11:37:24 IST" name="Banking App Test" finished-at="2022-03-03T11:38:00 IST" duration-ms="35854">
      <class name="com.inetBanking.testCases.TC_AddCustomerTest_003">
        <test-method is-config="true" signature="setUp(java.lang.String)[pri:0, instance:com.inetBanking.testCases.TC_AddCustomerTest_003@3c22fc4c]" started-at="2022-03-03T11:37:25 IST" name="setUp" finished-at="2022-03-03T11:37:35 IST" duration-ms="10031" status="PASS">
          <params>
            <param index="0">
              <value>
                <![CDATA[chrome]]>
              </value>
            </param>
          </params>
          <reporter-output>
          </reporter-output>
        </test-method> <!-- setUp -->
        <test-method signature="addNewCustomer()[pri:0, instance:com.inetBanking.testCases.TC_AddCustomerTest_003@3c22fc4c]" started-at="2022-03-03T11:37:35 IST" name="addNewCustomer" finished-at="2022-03-03T11:38:00 IST" duration-ms="24697" status="PASS">
          <reporter-output>
          </reporter-output>
        </test-method> <!-- addNewCustomer -->
        <test-method is-config="true" signature="tearDown()[pri:0, instance:com.inetBanking.testCases.TC_AddCustomerTest_003@3c22fc4c]" started-at="2022-03-03T11:38:00 IST" name="tearDown" finished-at="2022-03-03T11:38:00 IST" duration-ms="333" status="PASS">
          <reporter-output>
          </reporter-output>
        </test-method> <!-- tearDown -->
      </class> <!-- com.inetBanking.testCases.TC_AddCustomerTest_003 -->
    </test> <!-- Banking App Test -->
  </suite> <!-- InetBankingV1 -->
</testng-results>
